<?xml version="1.0" encoding="UTF-8"?>
<testng-results ignored="0" total="1" passed="1" failed="0" skipped="0">
  <reporter-output>
  </reporter-output>
  <suite started-at="2018-08-17T02:09:17Z" name="Default suite" finished-at="2018-08-17T02:09:30Z" duration-ms="13249">
    <groups>
    </groups>
    <test started-at="2018-08-17T02:09:17Z" name="Default test" finished-at="2018-08-17T02:09:30Z" duration-ms="13249">
      <class name="VerifyErrorMessage.VerifyErrorMessage2">
        <test-method signature="MyCheck()[pri:0, instance:VerifyErrorMessage.VerifyErrorMessage2@57d7f8ca]" started-at="2018-08-17T02:09:17Z" name="MyCheck" finished-at="2018-08-17T02:09:30Z" duration-ms="13217" status="PASS">
          <reporter-output>
          </reporter-output>
        </test-method> <!-- MyCheck -->
      </class> <!-- VerifyErrorMessage.VerifyErrorMessage2 -->
    </test> <!-- Default test -->
  </suite> <!-- Default suite -->
</testng-results>
